<?xml version="1.0" encoding="UTF-8"?>
<!-- Generated by org.testng.reporters.JUnitReportReporter -->
<testsuite hostname="Devuser-PC" name="com.gateside.autotesting.generation.unittest.TeamTestCase" tests="1" failures="0" timestamp="24 Jun 2015 05:32:41 GMT" time="0.009" errors="1">
  <testcase name="TeamOperationStep" time="0.009" classname="com.gateside.autotesting.generation.unittest.TeamTestCase">
    <error type="java.lang.NoClassDefFoundError" message="org/jaxen/JaxenException">
      <![CDATA[java.lang.NoClassDefFoundError: org/jaxen/JaxenException
	at org.dom4j.DocumentFactory.createXPath(DocumentFactory.java:230)
	at org.dom4j.tree.AbstractNode.createXPath(AbstractNode.java:207)
	at org.dom4j.tree.AbstractNode.selectNodes(AbstractNode.java:164)
	at com.gateside.autotesting.Lib.xmlService.XMLParser.getElementsByXPath(XMLParser.java:57)
	at com.gateside.autotesting.Lib.xmlService.XMLParser.getElementByID(XMLParser.java:32)
	at com.gateside.autotesting.Gat.manager.TestObjectManager.getTestObjectXML(TestObjectManager.java:21)
	at com.gateside.autotesting.Gat.manager.InterfaceStepsCaseManager.geTestCase(InterfaceStepsCaseManager.java:22)
	at com.gateside.autotesting.Gat.manager.InterfaceStepsCaseManager.geTestCase(InterfaceStepsCaseManager.java:13)
	at com.gateside.autotesting.Gat.manager.StepsCaseManager.getItem(StepsCaseManager.java:19)
	at com.gateside.autotesting.Gat.executor.CaseExecutor.getTestObject(CaseExecutor.java:52)
	at com.gateside.autotesting.Gat.executor.InterfaceStepsExecutor.getTestCase(InterfaceStepsExecutor.java:39)
	at com.gateside.autotesting.Gat.executor.InterfaceStepsExecutor.getTestCase(InterfaceStepsExecutor.java:12)
	at com.gateside.autotesting.Gat.executor.StepsExecutor.exectuePreStep(StepsExecutor.java:86)
	at com.gateside.autotesting.Gat.executor.StepsExecutor.setUp(StepsExecutor.java:30)
	at com.gateside.autotesting.Gat.executor.CaseExecutor.execute(CaseExecutor.java:32)
	at com.gateside.autotesting.generation.unittest.TeamTestCase.TeamOperationStep(TeamTestCase.java:26)
	at sun.reflect.NativeMethodAccessorImpl.invoke0(Native Method)
	at sun.reflect.NativeMethodAccessorImpl.invoke(Unknown Source)
	at sun.reflect.DelegatingMethodAccessorImpl.invoke(Unknown Source)
	at java.lang.reflect.Method.invoke(Unknown Source)
	at org.testng.internal.MethodInvocationHelper.invokeMethod(MethodInvocationHelper.java:85)
	at org.testng.internal.Invoker.invokeMethod(Invoker.java:659)
	at org.testng.internal.Invoker.invokeTestMethod(Invoker.java:845)
	at org.testng.internal.Invoker.invokeTestMethods(Invoker.java:1153)
	at org.testng.internal.TestMethodWorker.invokeTestMethods(TestMethodWorker.java:125)
	at org.testng.internal.TestMethodWorker.run(TestMethodWorker.java:108)
	at org.testng.TestRunner.privateRun(TestRunner.java:771)
	at org.testng.TestRunner.run(TestRunner.java:621)
	at org.testng.SuiteRunner.runTest(SuiteRunner.java:357)
	at org.testng.SuiteRunner.runSequentially(SuiteRunner.java:352)
	at org.testng.SuiteRunner.privateRun(SuiteRunner.java:310)
	at org.testng.SuiteRunner.run(SuiteRunner.java:259)
	at org.testng.SuiteRunnerWorker.runSuite(SuiteRunnerWorker.java:52)
	at org.testng.SuiteRunnerWorker.run(SuiteRunnerWorker.java:86)
	at org.testng.TestNG.runSuitesSequentially(TestNG.java:1199)
	at org.testng.TestNG.runSuitesLocally(TestNG.java:1124)
	at org.testng.TestNG.run(TestNG.java:1032)
	at org.apache.maven.surefire.testng.TestNGExecutor.run(TestNGExecutor.java:295)
	at org.apache.maven.surefire.testng.TestNGXmlTestSuite.execute(TestNGXmlTestSuite.java:84)
	at org.apache.maven.surefire.testng.TestNGProvider.invoke(TestNGProvider.java:90)
	at org.apache.maven.surefire.booter.ForkedBooter.invokeProviderInSameClassLoader(ForkedBooter.java:203)
	at org.apache.maven.surefire.booter.ForkedBooter.runSuitesInProcess(ForkedBooter.java:155)
	at org.apache.maven.surefire.booter.ForkedBooter.main(ForkedBooter.java:103)
Caused by: java.lang.ClassNotFoundException: org.jaxen.JaxenException
	at java.net.URLClassLoader$1.run(Unknown Source)
	at java.net.URLClassLoader$1.run(Unknown Source)
	at java.security.AccessController.doPrivileged(Native Method)
	at java.net.URLClassLoader.findClass(Unknown Source)
	at java.lang.ClassLoader.loadClass(Unknown Source)
	at sun.misc.Launcher$AppClassLoader.loadClass(Unknown Source)
	at java.lang.ClassLoader.loadClass(Unknown Source)
	... 43 more
]]>
    </error>
  </testcase> <!-- TeamOperationStep -->
</testsuite> <!-- com.gateside.autotesting.generation.unittest.TeamTestCase -->
